<?xml version="1.0" encoding="UTF-8"?>
<testsuite xmlns:xsi="http://www.w3.org/2001/XMLSchema-instance" xsi:noNamespaceSchemaLocation="https://maven.apache.org/surefire/maven-surefire-plugin/xsd/surefire-test-report-3.0.xsd" version="3.0" name="com.ar.reconciliation.WorkflowIntegrationTest" time="14.788" tests="2" errors="0" skipped="0" failures="0">
  <properties>
[...]
</properties>
  <testcase name="duplicateSubmission_shouldReturnSameWorkflow" classname="com.ar.reconciliation.WorkflowIntegrationTest" time="0.386">
    <system-out><![CDATA[Standard Commons Logging discovery in action with spring-jcl: please remove commons-logging.jar from classpath in order to avoid potential conflicts
14:08:47.878 [main] INFO org.springframework.test.context.support.AnnotationConfigContextLoaderUtils -- Could not detect default configuration classes for test class [com.ar.reconciliation.WorkflowIntegrationTest]: WorkflowIntegrationTest does not declare any static, non-private, non-final, nested classes annotated with @Configuration.
14:08:47.921 [main] INFO org.springframework.boot.test.context.SpringBootTestContextBootstrapper -- Found @SpringBootConfiguration com.ar.reconciliation.ARReconciliationApplication for test class com.ar.reconciliation.WorkflowIntegrationTest
14:08:47.974 [main] INFO org.testcontainers.images.PullPolicy -- Image pull policy will be performed by: DefaultPullPolicy()
14:08:47.975 [main] INFO org.testcontainers.utility.ImageNameSubstitutor -- Image name substitution will be performed by: DefaultImageNameSubstitutor (composite of 'ConfigurationFileImageNameSubstitutor' and 'PrefixingImageNameSubstitutor')
14:08:48.056 [main] INFO org.testcontainers.dockerclient.DockerClientProviderStrategy -- Loaded org.testcontainers.dockerclient.UnixSocketClientProviderStrategy from ~/.testcontainers.properties, will try it first
14:08:48.236 [main] INFO org.testcontainers.dockerclient.DockerClientProviderStrategy -- Found Docker environment with local Unix socket (unix:///var/run/docker.sock)
14:08:48.237 [main] INFO org.testcontainers.DockerClientFactory -- Docker host IP address is localhost
14:08:48.275 [main] INFO org.testcontainers.DockerClientFactory -- Connected to docker: 
  Server Version: 5.6.0
  API Version: 1.41
  Operating System: fedora
  Total Memory: 5480 MB
14:08:48.315 [main] INFO tc.testcontainers/ryuk:0.6.0 -- Creating container for image: testcontainers/ryuk:0.6.0
14:08:48.317 [main] INFO org.testcontainers.utility.RegistryAuthLocator -- Failure when attempting to lookup auth config. Please ignore if you don't have images in an authenticated registry. Details: (dockerImageName: testcontainers/ryuk:0.6.0, configFile: /Users/navin.pranav/.docker/config.json, configEnv: DOCKER_AUTH_CONFIG). Falling back to docker-java default behaviour. Exception message: Status 404: No config supplied. Checked in order: /Users/navin.pranav/.docker/config.json (file not found), DOCKER_AUTH_CONFIG (not set)
14:08:48.380 [main] INFO tc.testcontainers/ryuk:0.6.0 -- Container testcontainers/ryuk:0.6.0 is starting: 7926f7327d82ef4cc267c53779deaef1d6eb9d629a85bf404a42fd744c5e4e24
14:08:48.609 [main] INFO tc.testcontainers/ryuk:0.6.0 -- Container testcontainers/ryuk:0.6.0 started in PT0.294323S
14:08:48.613 [main] INFO org.testcontainers.utility.RyukResourceReaper -- Ryuk started - will monitor and terminate Testcontainers containers on JVM exit
14:08:48.613 [main] INFO org.testcontainers.DockerClientFactory -- Checking the system...
14:08:48.613 [main] INFO org.testcontainers.DockerClientFactory -- ✔︎ Docker server version should be at least 1.6.0
14:08:48.618 [main] INFO tc.rabbitmq:3.13-management-alpine -- Creating container for image: rabbitmq:3.13-management-alpine
14:08:48.678 [main] INFO tc.rabbitmq:3.13-management-alpine -- Container rabbitmq:3.13-management-alpine is starting: b515c5f24dafb332b42107f20f43cc5d15b8b707c462d4482041c4562937e2ad
14:08:57.442 [main] INFO tc.rabbitmq:3.13-management-alpine -- Container rabbitmq:3.13-management-alpine started in PT8.824303S
14:08:57.456 [main] INFO tc.postgres:16-alpine -- Creating container for image: postgres:16-alpine
14:08:57.529 [main] INFO tc.postgres:16-alpine -- Container postgres:16-alpine is starting: 9f6395001bc8d5c46586f8ecd08291097591fb6c28c044a1de315a5c75e86c90
14:08:58.701 [main] INFO tc.postgres:16-alpine -- Container postgres:16-alpine started in PT1.244964S
14:08:58.703 [main] INFO tc.postgres:16-alpine -- Container is started (JDBC URL: jdbc:postgresql://localhost:45153/ar_test?loggerLevel=OFF)

  .   ____          _            __ _ _
 /\\ / ___'_ __ _ _(_)_ __  __ _ \ \ \ \
( ( )\___ | '_ | '_| | '_ \/ _` | \ \ \ \
 \\/  ___)| |_)| | | | | || (_| |  ) ) ) )
  '  |____| .__|_| |_|_| |_\__, | / / / /
 =========|_|==============|___/=/_/_/_/
 :: Spring Boot ::                (v3.2.5)

2026-05-04T14:08:58.850+05:30  INFO 21898 --- [ar-reconciliation] [           main] c.a.r.WorkflowIntegrationTest            : Starting WorkflowIntegrationTest using Java 17.0.16 with PID 21898 (started by navin.pranav in /Users/navin.pranav/Downloads/ar-reconciliation)
2026-05-04T14:08:58.850+05:30 DEBUG 21898 --- [ar-reconciliation] [           main] c.a.r.WorkflowIntegrationTest            : Running with Spring Boot v3.2.5, Spring v6.1.6
2026-05-04T14:08:58.850+05:30  INFO 21898 --- [ar-reconciliation] [           main] c.a.r.WorkflowIntegrationTest            : No active profile set, falling back to 1 default profile: "default"
2026-05-04T14:08:59.220+05:30  INFO 21898 --- [ar-reconciliation] [           main] .s.d.r.c.RepositoryConfigurationDelegate : Bootstrapping Spring Data JPA repositories in DEFAULT mode.
2026-05-04T14:08:59.247+05:30  INFO 21898 --- [ar-reconciliation] [           main] .s.d.r.c.RepositoryConfigurationDelegate : Finished Spring Data repository scanning in 19 ms. Found 3 JPA repository interfaces.
2026-05-04T14:08:59.454+05:30  INFO 21898 --- [ar-reconciliation] [           main] com.zaxxer.hikari.HikariDataSource       : HikariPool-1 - Starting...
2026-05-04T14:08:59.547+05:30  INFO 21898 --- [ar-reconciliation] [           main] com.zaxxer.hikari.pool.HikariPool        : HikariPool-1 - Added connection org.postgresql.jdbc.PgConnection@72ceafeb
2026-05-04T14:08:59.547+05:30  INFO 21898 --- [ar-reconciliation] [           main] com.zaxxer.hikari.HikariDataSource       : HikariPool-1 - Start completed.
2026-05-04T14:08:59.585+05:30  INFO 21898 --- [ar-reconciliation] [           main] o.f.c.internal.license.VersionPrinter    : Flyway Community Edition 9.22.3 by Redgate
2026-05-04T14:08:59.585+05:30  INFO 21898 --- [ar-reconciliation] [           main] o.f.c.internal.license.VersionPrinter    : See release notes here: https://rd.gt/416ObMi
2026-05-04T14:08:59.585+05:30  INFO 21898 --- [ar-reconciliation] [           main] o.f.c.internal.license.VersionPrinter    : 
2026-05-04T14:08:59.590+05:30  INFO 21898 --- [ar-reconciliation] [           main] org.flywaydb.core.FlywayExecutor         : Database: jdbc:postgresql://localhost:45153/ar_test (PostgreSQL 16.13)
2026-05-04T14:08:59.596+05:30  WARN 21898 --- [ar-reconciliation] [           main] o.f.c.internal.database.base.Database    : Flyway upgrade recommended: PostgreSQL 16.13 is newer than this version of Flyway and support has not been tested. The latest supported version of PostgreSQL is 15.
2026-05-04T14:08:59.616+05:30  INFO 21898 --- [ar-reconciliation] [           main] o.f.c.i.s.JdbcTableSchemaHistory         : Schema history table "public"."flyway_schema_history" does not exist yet
2026-05-04T14:08:59.618+05:30  INFO 21898 --- [ar-reconciliation] [           main] o.f.core.internal.command.DbValidate     : Successfully validated 1 migration (execution time 00:00.009s)
2026-05-04T14:08:59.630+05:30  INFO 21898 --- [ar-reconciliation] [           main] o.f.c.i.s.JdbcTableSchemaHistory         : Creating Schema History table "public"."flyway_schema_history" ...
2026-05-04T14:08:59.666+05:30  INFO 21898 --- [ar-reconciliation] [           main] o.f.core.internal.command.DbMigrate      : Current version of schema "public": << Empty Schema >>
2026-05-04T14:08:59.671+05:30  INFO 21898 --- [ar-reconciliation] [           main] o.f.core.internal.command.DbMigrate      : Migrating schema "public" to version "1 - initial schema"
2026-05-04T14:08:59.690+05:30  INFO 21898 --- [ar-reconciliation] [           main] o.f.core.internal.command.DbMigrate      : Successfully applied 1 migration to schema "public", now at version v1 (execution time 00:00.012s)
2026-05-04T14:08:59.728+05:30  INFO 21898 --- [ar-reconciliation] [           main] o.hibernate.jpa.internal.util.LogHelper  : HHH000204: Processing PersistenceUnitInfo [name: default]
2026-05-04T14:08:59.756+05:30  INFO 21898 --- [ar-reconciliation] [           main] org.hibernate.Version                    : HHH000412: Hibernate ORM core version 6.4.4.Final
2026-05-04T14:08:59.773+05:30  INFO 21898 --- [ar-reconciliation] [           main] o.h.c.internal.RegionFactoryInitiator    : HHH000026: Second-level cache disabled
2026-05-04T14:08:59.834+05:30  WARN 21898 --- [ar-reconciliation] [           main] org.hibernate.orm.deprecation            : HHH90000025: PostgreSQLDialect does not need to be specified explicitly using 'hibernate.dialect' (remove the property setting and it will be selected by default)
2026-05-04T14:08:59.899+05:30  INFO 21898 --- [ar-reconciliation] [           main] o.s.o.j.p.SpringPersistenceUnitInfo      : No LoadTimeWeaver setup: ignoring JPA class transformer
2026-05-04T14:09:00.232+05:30  INFO 21898 --- [ar-reconciliation] [           main] o.h.e.t.j.p.i.JtaPlatformInitiator       : HHH000489: No JTA platform available (set 'hibernate.transaction.jta.platform' to enable JTA platform integration)
2026-05-04T14:09:00.262+05:30  INFO 21898 --- [ar-reconciliation] [           main] j.LocalContainerEntityManagerFactoryBean : Initialized JPA EntityManagerFactory for persistence unit 'default'
2026-05-04T14:09:00.361+05:30  INFO 21898 --- [ar-reconciliation] [           main] o.s.d.j.r.query.QueryEnhancerFactory     : Hibernate is in classpath; If applicable, HQL parser will be used.
2026-05-04T14:09:01.144+05:30  INFO 21898 --- [ar-reconciliation] [           main] o.s.b.a.e.web.EndpointLinksResolver      : Exposing 3 endpoint(s) beneath base path '/actuator'
2026-05-04T14:09:01.185+05:30  INFO 21898 --- [ar-reconciliation] [           main] o.s.a.r.c.CachingConnectionFactory       : Attempting to connect to: [localhost:40217]
2026-05-04T14:09:01.209+05:30  INFO 21898 --- [ar-reconciliation] [           main] o.s.a.r.c.CachingConnectionFactory       : Created new connection: rabbitConnectionFactory#31b70b2a:0/SimpleConnection@2f7c96b1 [delegate=amqp://guest@127.0.0.1:40217/, localPort=64588]
2026-05-04T14:09:01.452+05:30  INFO 21898 --- [ar-reconciliation] [           main] c.a.r.WorkflowIntegrationTest            : Started WorkflowIntegrationTest in 2.714 seconds (process running for 14.017)
2026-05-04T14:09:01.829+05:30 DEBUG 21898 --- [ar-reconciliation] [           main] c.a.r.messaging.WorkflowPublisher        : Published workflow=fd15c96b-f3cc-471e-a59d-54be5d005403 to stage=INGESTION
2026-05-04T14:09:01.829+05:30  INFO 21898 --- [ar-reconciliation] [           main] c.a.r.service.WorkflowService            : Created and dispatched workflow=fd15c96b-f3cc-471e-a59d-54be5d005403 key=dup-key
2026-05-04T14:09:01.837+05:30  INFO 21898 --- [ar-reconciliation] [           main] c.a.r.service.WorkflowService            : Idempotent replay for key=dup-key → workflow=fd15c96b-f3cc-471e-a59d-54be5d005403
2026-05-04T14:09:01.844+05:30 DEBUG 21898 --- [ar-reconciliation] [ntContainer#0-3] c.a.r.m.consumers.AbstractStageConsumer  : Processing workflow=fd15c96b-f3cc-471e-a59d-54be5d005403 stage=INGESTION
2026-05-04T14:09:01.851+05:30  INFO 21898 --- [ar-reconciliation] [ntContainer#0-3] c.a.r.stages.IngestionStage              : Ingestion completed for workflow=fd15c96b-f3cc-471e-a59d-54be5d005403
2026-05-04T14:09:01.852+05:30 DEBUG 21898 --- [ar-reconciliation] [ntContainer#0-3] c.a.r.messaging.WorkflowPublisher        : Published workflow=fd15c96b-f3cc-471e-a59d-54be5d005403 to stage=MATCHING
2026-05-04T14:09:01.855+05:30 DEBUG 21898 --- [ar-reconciliation] [ntContainer#1-1] c.a.r.m.consumers.AbstractStageConsumer  : Processing workflow=fd15c96b-f3cc-471e-a59d-54be5d005403 stage=MATCHING
2026-05-04T14:09:01.856+05:30 DEBUG 21898 --- [ar-reconciliation] [ntContainer#0-3] c.a.r.m.consumers.AbstractStageConsumer  : Outcome for workflow=fd15c96b-f3cc-471e-a59d-54be5d005403 stage=INGESTION: SUCCESS
2026-05-04T14:09:01.861+05:30  INFO 21898 --- [ar-reconciliation] [ntContainer#1-1] c.a.reconciliation.stages.MatchingStage  : Matching completed for workflow=fd15c96b-f3cc-471e-a59d-54be5d005403 score=0.9500000000000001
2026-05-04T14:09:01.862+05:30 DEBUG 21898 --- [ar-reconciliation] [ntContainer#1-1] c.a.r.messaging.WorkflowPublisher        : Published workflow=fd15c96b-f3cc-471e-a59d-54be5d005403 to stage=VALIDATION
2026-05-04T14:09:01.864+05:30 DEBUG 21898 --- [ar-reconciliation] [ntContainer#1-1] c.a.r.m.consumers.AbstractStageConsumer  : Outcome for workflow=fd15c96b-f3cc-471e-a59d-54be5d005403 stage=MATCHING: SUCCESS
]]></system-out>
  </testcase>
  <testcase name="happyPath_shouldReachCompleted" classname="com.ar.reconciliation.WorkflowIntegrationTest" time="0.132">
    <system-out><![CDATA[2026-05-04T14:09:01.865+05:30 DEBUG 21898 --- [ar-reconciliation] [ntContainer#3-1] c.a.r.m.consumers.AbstractStageConsumer  : Processing workflow=fd15c96b-f3cc-471e-a59d-54be5d005403 stage=VALIDATION
2026-05-04T14:09:01.868+05:30  INFO 21898 --- [ar-reconciliation] [ntContainer#3-1] c.a.r.stages.ValidationStage             : Validation completed for workflow=fd15c96b-f3cc-471e-a59d-54be5d005403 valid=true flags=[]
2026-05-04T14:09:01.870+05:30 DEBUG 21898 --- [ar-reconciliation] [ntContainer#3-1] c.a.r.messaging.WorkflowPublisher        : Published workflow=fd15c96b-f3cc-471e-a59d-54be5d005403 to stage=ROUTING
2026-05-04T14:09:01.870+05:30 DEBUG 21898 --- [ar-reconciliation] [           main] c.a.r.messaging.WorkflowPublisher        : Published workflow=caed9c82-48e9-4b64-9683-f7aa490129cb to stage=INGESTION
2026-05-04T14:09:01.870+05:30  INFO 21898 --- [ar-reconciliation] [           main] c.a.r.service.WorkflowService            : Created and dispatched workflow=caed9c82-48e9-4b64-9683-f7aa490129cb key=test-key-1
2026-05-04T14:09:01.871+05:30 DEBUG 21898 --- [ar-reconciliation] [ntContainer#0-1] c.a.r.m.consumers.AbstractStageConsumer  : Processing workflow=caed9c82-48e9-4b64-9683-f7aa490129cb stage=INGESTION
2026-05-04T14:09:01.871+05:30 DEBUG 21898 --- [ar-reconciliation] [ntContainer#3-1] c.a.r.m.consumers.AbstractStageConsumer  : Outcome for workflow=fd15c96b-f3cc-471e-a59d-54be5d005403 stage=VALIDATION: SUCCESS
2026-05-04T14:09:01.872+05:30 DEBUG 21898 --- [ar-reconciliation] [ntContainer#2-1] c.a.r.m.consumers.AbstractStageConsumer  : Processing workflow=fd15c96b-f3cc-471e-a59d-54be5d005403 stage=ROUTING
2026-05-04T14:09:01.874+05:30  INFO 21898 --- [ar-reconciliation] [ntContainer#0-1] c.a.r.stages.IngestionStage              : Ingestion completed for workflow=caed9c82-48e9-4b64-9683-f7aa490129cb
2026-05-04T14:09:01.875+05:30 DEBUG 21898 --- [ar-reconciliation] [ntContainer#0-1] c.a.r.messaging.WorkflowPublisher        : Published workflow=caed9c82-48e9-4b64-9683-f7aa490129cb to stage=MATCHING
2026-05-04T14:09:01.875+05:30  INFO 21898 --- [ar-reconciliation] [ntContainer#2-1] c.ar.reconciliation.stages.RoutingStage  : Routing completed for workflow=fd15c96b-f3cc-471e-a59d-54be5d005403 decision=AUTO_APPROVE
2026-05-04T14:09:01.879+05:30 DEBUG 21898 --- [ar-reconciliation] [ntContainer#1-2] c.a.r.m.consumers.AbstractStageConsumer  : Processing workflow=caed9c82-48e9-4b64-9683-f7aa490129cb stage=MATCHING
2026-05-04T14:09:01.880+05:30 DEBUG 21898 --- [ar-reconciliation] [ntContainer#0-1] c.a.r.m.consumers.AbstractStageConsumer  : Outcome for workflow=caed9c82-48e9-4b64-9683-f7aa490129cb stage=INGESTION: SUCCESS
2026-05-04T14:09:01.881+05:30  INFO 21898 --- [ar-reconciliation] [ntContainer#2-1] c.a.r.service.StageExecutionService      : Workflow fd15c96b-f3cc-471e-a59d-54be5d005403 reached COMPLETED
2026-05-04T14:09:01.883+05:30 DEBUG 21898 --- [ar-reconciliation] [ntContainer#2-1] c.a.r.m.consumers.AbstractStageConsumer  : Outcome for workflow=fd15c96b-f3cc-471e-a59d-54be5d005403 stage=ROUTING: SUCCESS
2026-05-04T14:09:01.887+05:30  INFO 21898 --- [ar-reconciliation] [ntContainer#1-2] c.a.reconciliation.stages.MatchingStage  : Matching completed for workflow=caed9c82-48e9-4b64-9683-f7aa490129cb score=0.9500000000000001
2026-05-04T14:09:01.889+05:30 DEBUG 21898 --- [ar-reconciliation] [ntContainer#1-2] c.a.r.messaging.WorkflowPublisher        : Published workflow=caed9c82-48e9-4b64-9683-f7aa490129cb to stage=VALIDATION
2026-05-04T14:09:01.890+05:30 DEBUG 21898 --- [ar-reconciliation] [ntContainer#3-2] c.a.r.m.consumers.AbstractStageConsumer  : Processing workflow=caed9c82-48e9-4b64-9683-f7aa490129cb stage=VALIDATION
2026-05-04T14:09:01.890+05:30 DEBUG 21898 --- [ar-reconciliation] [ntContainer#1-2] c.a.r.m.consumers.AbstractStageConsumer  : Outcome for workflow=caed9c82-48e9-4b64-9683-f7aa490129cb stage=MATCHING: SUCCESS
2026-05-04T14:09:01.893+05:30  INFO 21898 --- [ar-reconciliation] [ntContainer#3-2] c.a.r.stages.ValidationStage             : Validation completed for workflow=caed9c82-48e9-4b64-9683-f7aa490129cb valid=true flags=[]
2026-05-04T14:09:01.896+05:30 DEBUG 21898 --- [ar-reconciliation] [ntContainer#3-2] c.a.r.messaging.WorkflowPublisher        : Published workflow=caed9c82-48e9-4b64-9683-f7aa490129cb to stage=ROUTING
2026-05-04T14:09:01.897+05:30 DEBUG 21898 --- [ar-reconciliation] [ntContainer#2-2] c.a.r.m.consumers.AbstractStageConsumer  : Processing workflow=caed9c82-48e9-4b64-9683-f7aa490129cb stage=ROUTING
2026-05-04T14:09:01.898+05:30 DEBUG 21898 --- [ar-reconciliation] [ntContainer#3-2] c.a.r.m.consumers.AbstractStageConsumer  : Outcome for workflow=caed9c82-48e9-4b64-9683-f7aa490129cb stage=VALIDATION: SUCCESS
2026-05-04T14:09:01.901+05:30  INFO 21898 --- [ar-reconciliation] [ntContainer#2-2] c.ar.reconciliation.stages.RoutingStage  : Routing completed for workflow=caed9c82-48e9-4b64-9683-f7aa490129cb decision=AUTO_APPROVE
2026-05-04T14:09:01.904+05:30  INFO 21898 --- [ar-reconciliation] [ntContainer#2-2] c.a.r.service.StageExecutionService      : Workflow caed9c82-48e9-4b64-9683-f7aa490129cb reached COMPLETED
2026-05-04T14:09:01.905+05:30 DEBUG 21898 --- [ar-reconciliation] [ntContainer#2-2] c.a.r.m.consumers.AbstractStageConsumer  : Outcome for workflow=caed9c82-48e9-4b64-9683-f7aa490129cb stage=ROUTING: SUCCESS
]]></system-out>
  </testcase>
</testsuite>